DEBUG:root:Started log
DEBUG:root:RD-171M Engine shutoff
DEBUG:root:RD-171M Engine shutoff
DEBUG:root:RD-171M Engine shutoff
DEBUG:root:RD-171M Engine shutoff
DEBUG:root:RD-171M Engine shutoff
DEBUG:root:RD-171M Engine shutoff
DEBUG:root:RD-171M Engine shutoff
DEBUG:root:RD-171M Engine shutoff
DEBUG:root:RD-171M Engine shutoff
DEBUG:root:RD-171M Engine shutoff
DEBUG:root:RD-171M Engine shutoff
DEBUG:root:RD-171M Engine shutoff
DEBUG:root:RD-171M Engine shutoff
DEBUG:root:RD-171M Engine shutoff
DEBUG:root:RD-171M Engine shutoff
DEBUG:root:RD-171M Engine shutoff
DEBUG:root:RD-171M Engine shutoff
DEBUG:root:RD-171M Engine shutoff
DEBUG:root:RD-171M Engine shutoff
DEBUG:root:RD-171M Engine shutoff
DEBUG:root:SSME Engine shutoff
DEBUG:root:SSME Engine shutoff
DEBUG:root:RS-68A Engine shutoff
DEBUG:root:RL-10A4-2 Engine set to min throt
DEBUG:root:RS-68A Engine shutoff
DEBUG:root:RL-10A4-2 Engine set to min throt
DEBUG:root:Started log
DEBUG:root:RD-171M Engine shutoff
DEBUG:root:RD-171M Engine shutoff
DEBUG:root:RD-171M Engine shutoff
DEBUG:root:RD-171M Engine shutoff
DEBUG:root:RD-171M Engine shutoff
DEBUG:root:RD-171M Engine shutoff
DEBUG:root:RD-171M Engine shutoff
DEBUG:root:RD-171M Engine shutoff
DEBUG:root:RD-171M Engine shutoff
DEBUG:root:RD-171M Engine shutoff
DEBUG:root:RD-171M Engine shutoff
DEBUG:root:RD-171M Engine shutoff
DEBUG:root:RD-171M Engine shutoff
DEBUG:root:RD-171M Engine shutoff
DEBUG:root:RD-171M Engine shutoff
DEBUG:root:RD-171M Engine shutoff
DEBUG:root:RD-171M Engine shutoff
DEBUG:root:RD-171M Engine shutoff
DEBUG:root:RD-171M Engine shutoff
DEBUG:root:RD-171M Engine shutoff
DEBUG:root:SSME Engine shutoff
DEBUG:root:SSME Engine shutoff
DEBUG:root:RS-68A Engine shutoff
DEBUG:root:RL-10A4-2 Engine set to min throt
DEBUG:root:RS-68A Engine shutoff
DEBUG:root:RL-10A4-2 Engine set to min throt
DEBUG:root:Started log
DEBUG:root:Started log
DEBUG:root:Started log
DEBUG:root:Started log
DEBUG:root:Started log
DEBUG:root:RD-171M Engine shutoff
DEBUG:root:RD-171M Engine shutoff
DEBUG:root:RD-171M Engine shutoff
DEBUG:root:RD-171M Engine shutoff
DEBUG:root:RD-171M Engine shutoff
DEBUG:root:RD-171M Engine shutoff
DEBUG:root:RD-171M Engine shutoff
DEBUG:root:RD-171M Engine shutoff
DEBUG:root:RD-171M Engine shutoff
DEBUG:root:RD-171M Engine shutoff
DEBUG:root:RD-171M Engine shutoff
DEBUG:root:RD-171M Engine shutoff
DEBUG:root:RD-171M Engine shutoff
DEBUG:root:RD-171M Engine shutoff
DEBUG:root:RD-171M Engine shutoff
DEBUG:root:RD-171M Engine shutoff
DEBUG:root:RD-171M Engine shutoff
DEBUG:root:RD-171M Engine shutoff
DEBUG:root:RD-171M Engine shutoff
DEBUG:root:RD-171M Engine shutoff
DEBUG:root:SSME Engine shutoff
DEBUG:root:SSME Engine shutoff
DEBUG:root:RS-68A Engine shutoff
DEBUG:root:RL-10A4-2 Engine set to min throt
DEBUG:root:RS-68A Engine shutoff
DEBUG:root:RL-10A4-2 Engine set to min throt
DEBUG:root:Started log
DEBUG:root:Started log
DEBUG:root:Started log
DEBUG:root:Started log
DEBUG:root:Started log
DEBUG:root:Started log
DEBUG:root:Started log
DEBUG:root:Started log
DEBUG:root:Started log
DEBUG:root:Started log
DEBUG:root:Started log
DEBUG:root:Started log
DEBUG:root:Started log
DEBUG:root:Started log
DEBUG:root:RD-171M Engine shutoff
DEBUG:root:RD-171M Engine shutoff
DEBUG:root:RD-171M Engine shutoff
DEBUG:root:RD-171M Engine shutoff
DEBUG:root:RD-171M Engine shutoff
DEBUG:root:RD-171M Engine shutoff
DEBUG:root:RD-171M Engine shutoff
DEBUG:root:RD-171M Engine shutoff
DEBUG:root:RD-171M Engine shutoff
DEBUG:root:RD-171M Engine shutoff
DEBUG:root:RD-171M Engine shutoff
DEBUG:root:RD-171M Engine shutoff
DEBUG:root:RD-171M Engine shutoff
DEBUG:root:RD-171M Engine shutoff
DEBUG:root:RD-171M Engine shutoff
DEBUG:root:RD-171M Engine shutoff
DEBUG:root:RD-171M Engine shutoff
DEBUG:root:RD-171M Engine shutoff
DEBUG:root:RD-171M Engine shutoff
DEBUG:root:RD-171M Engine shutoff
DEBUG:root:Started log
DEBUG:root:Started log
DEBUG:root:Started log
DEBUG:root:Started log
